This is pdfTeX, Version 3.1415926-2.3-1.40.12 (MiKTeX 2.9) (preloaded format=pdflatex 2013.6.25)  26 NOV 2013 13:57
entering extended mode
**F:/Projects/Research/Estimate_Indoor_Layout_and_Its_Clutter_From_Depth_Sensor
s/nyu_layout/paper/Poster/poster_landscape.tex

(F:/Projects/Research/Estimate_Indoor_Layout_and_Its_Clutter_From_Depth_Sensors
/nyu_layout/paper/Poster/poster_landscape.tex
LaTeX2e <2011/06/27>
Babel <v3.8m> and hyphenation patterns for loaded.

(F:\Projects\Research\Estimate_Indoor_Layout_and_Its_Clutter_From_Depth_Sensors
\nyu_layout\paper\Poster\baposter.cls
Document Class: baposter 2011/11/26 v2.0 baposter class
("D:\Program Tool\CTEX\MiKTeX\tex\latex\base\article.cls"
Document Class: article 2007/10/19 v1.4h Standard LaTeX document class
("D:\Program Tool\CTEX\MiKTeX\tex\latex\base\size10.clo"
File: size10.clo 2007/10/19 v1.4h Standard LaTeX file (size option)
)
\c@part=\count79
\c@section=\count80
\c@subsection=\count81
\c@subsubsection=\count82
\c@paragraph=\count83
\c@subparagraph=\count84
\c@figure=\count85
\c@table=\count86
\abovecaptionskip=\skip41
\belowcaptionskip=\skip42
\bibindent=\dimen102
)
baposter: Brian Amberg, 2007, 2008, 2009, 2010, 2011 | http://www.brian-amberg.
de/uni/poster/
baposter: Reinhold Kainhofer, 2011 | http://reinhold.kainhofer.com/
\baposter@basepaperwidth=\skip43
\baposter@basepaperheight=\skip44
\baposter@basemargin=\skip45
\baposter@finalpaperwidth=\skip46
\baposter@finalpaperheight=\skip47
\baposter@finalmargin=\skip48
\headerheight=\skip49
\colwidth=\skip50
\colheight=\skip51
\baposter@@colspacing=\skip52
\baposter@box@@cornerradius=\skip53
\baposter@box@@boxheaderheight=\skip54
\baposter@box@@boxpadding=\skip55
\boxstartx=\skip56
\boxstarty=\skip57
\boxwidth=\skip58
\boxheight=\skip59
\baposter@titleimage@left@width=\skip60
\baposter@titleimage@right@width=\skip61
\baposter@titleimage@textwidth=\skip62
\baposter@box@content=\box26
\baposter@titleimage@left=\box27
\baposter@titleimage@title=\box28
\baposter@titleimage@right=\box29
Use Packages
("D:\Program Tool\CTEX\MiKTeX\tex\latex\xkeyval\xkeyval.sty"
Package: xkeyval 2008/08/13 v2.6a package option processing (HA)

("D:\Program Tool\CTEX\MiKTeX\tex\generic\xkeyval\xkeyval.tex"
\XKV@toks=\toks14
\XKV@tempa@toks=\toks15
\XKV@depth=\count87
File: xkeyval.tex 2008/08/13 v2.6a key=value parser (HA)

("D:\Program Tool\CTEX\MiKTeX\tex\generic\xkeyval\keyval.tex")))
("D:\Program Tool\CTEX\MiKTeX\tex\latex\tools\calc.sty"
Package: calc 2007/08/22 v4.3 Infix arithmetic (KKT,FJ)
\calc@Acount=\count88
\calc@Bcount=\count89
\calc@Adimen=\dimen103
\calc@Bdimen=\dimen104
\calc@Askip=\skip63
\calc@Bskip=\skip64
LaTeX Info: Redefining \setlength on input line 76.
LaTeX Info: Redefining \addtolength on input line 77.
\calc@Ccount=\count90
\calc@Cskip=\skip65
)
("D:\Program Tool\CTEX\MiKTeX\tex\latex\xcolor\xcolor.sty"
Package: xcolor 2007/01/21 v2.11 LaTeX color extensions (UK)

("D:\Program Tool\CTEX\MiKTeX\tex\latex\00miktex\color.cfg"
File: color.cfg 2007/01/18 v1.5 color configuration of teTeX/TeXLive
)
Package xcolor Info: Driver file: pdftex.def on input line 225.

("D:\Program Tool\CTEX\MiKTeX\tex\latex\pdftex-def\pdftex.def"
File: pdftex.def 2011/05/27 v0.06d Graphics/color for pdfTeX

("D:\Program Tool\CTEX\MiKTeX\tex\generic\oberdiek\infwarerr.sty"
Package: infwarerr 2010/04/08 v1.3 Providing info/warning/message (HO)
)
("D:\Program Tool\CTEX\MiKTeX\tex\generic\oberdiek\ltxcmds.sty"
Package: ltxcmds 2011/04/18 v1.20 LaTeX kernel commands for general use (HO)
)
\Gread@gobject=\count91
)
Package xcolor Info: Model `cmy' substituted by `cmy0' on input line 1337.
Package xcolor Info: Model `hsb' substituted by `rgb' on input line 1341.
Package xcolor Info: Model `RGB' extended on input line 1353.
Package xcolor Info: Model `HTML' substituted by `rgb' on input line 1355.
Package xcolor Info: Model `Hsb' substituted by `hsb' on input line 1356.
Package xcolor Info: Model `tHsb' substituted by `hsb' on input line 1357.
Package xcolor Info: Model `HSB' substituted by `hsb' on input line 1358.
Package xcolor Info: Model `Gray' substituted by `gray' on input line 1359.
Package xcolor Info: Model `wave' substituted by `hsb' on input line 1360.
)
("D:\Program Tool\CTEX\MiKTeX\tex\latex\pgf\frontendlayer\tikz.sty"
("D:\Program Tool\CTEX\MiKTeX\tex\latex\pgf\basiclayer\pgf.sty"
("D:\Program Tool\CTEX\MiKTeX\tex\latex\pgf\utilities\pgfrcs.sty"
("D:\Program Tool\CTEX\MiKTeX\tex\generic\pgf\utilities\pgfutil-common.tex"
\pgfutil@everybye=\toks16
)
("D:\Program Tool\CTEX\MiKTeX\tex\generic\pgf\utilities\pgfutil-latex.def"
\pgfutil@abb=\box30

("D:\Program Tool\CTEX\MiKTeX\tex\latex\ms\everyshi.sty"
Package: everyshi 2001/05/15 v3.00 EveryShipout Package (MS)
))
("D:\Program Tool\CTEX\MiKTeX\tex\generic\pgf\utilities\pgfrcs.code.tex"
Package: pgfrcs 2010/10/25 v2.10 (rcs-revision 1.24)
))
Package: pgf 2008/01/15 v2.10 (rcs-revision 1.12)

("D:\Program Tool\CTEX\MiKTeX\tex\latex\pgf\basiclayer\pgfcore.sty"
("D:\Program Tool\CTEX\MiKTeX\tex\latex\graphics\graphicx.sty"
Package: graphicx 1999/02/16 v1.0f Enhanced LaTeX Graphics (DPC,SPQR)

("D:\Program Tool\CTEX\MiKTeX\tex\latex\graphics\graphics.sty"
Package: graphics 2009/02/05 v1.0o Standard LaTeX Graphics (DPC,SPQR)

("D:\Program Tool\CTEX\MiKTeX\tex\latex\graphics\trig.sty"
Package: trig 1999/03/16 v1.09 sin cos tan (DPC)
)
("D:\Program Tool\CTEX\MiKTeX\tex\latex\00miktex\graphics.cfg"
File: graphics.cfg 2007/01/18 v1.5 graphics configuration of teTeX/TeXLive
)
Package graphics Info: Driver file: pdftex.def on input line 91.
)
\Gin@req@height=\dimen105
\Gin@req@width=\dimen106
)
("D:\Program Tool\CTEX\MiKTeX\tex\latex\pgf\systemlayer\pgfsys.sty"
("D:\Program Tool\CTEX\MiKTeX\tex\generic\pgf\systemlayer\pgfsys.code.tex"
Package: pgfsys 2010/06/30 v2.10 (rcs-revision 1.37)

("D:\Program Tool\CTEX\MiKTeX\tex\generic\pgf\utilities\pgfkeys.code.tex"
\pgfkeys@pathtoks=\toks17
\pgfkeys@temptoks=\toks18

("D:\Program Tool\CTEX\MiKTeX\tex\generic\pgf\utilities\pgfkeysfiltered.code.te
x"
\pgfkeys@tmptoks=\toks19
))
\pgf@x=\dimen107
\pgf@y=\dimen108
\pgf@xa=\dimen109
\pgf@ya=\dimen110
\pgf@xb=\dimen111
\pgf@yb=\dimen112
\pgf@xc=\dimen113
\pgf@yc=\dimen114
\w@pgf@writea=\write3
\r@pgf@reada=\read1
\c@pgf@counta=\count92
\c@pgf@countb=\count93
\c@pgf@countc=\count94
\c@pgf@countd=\count95
 ("D:\Program Tool\CTEX\MiKTeX\tex\generic\pgf\systemlayer\pgf.cfg"
File: pgf.cfg 2008/05/14  (rcs-revision 1.7)
)
Package pgfsys Info: Driver file for pgf: pgfsys-pdftex.def on input line 900.

("D:\Program Tool\CTEX\MiKTeX\tex\generic\pgf\systemlayer\pgfsys-pdftex.def"
File: pgfsys-pdftex.def 2009/05/22  (rcs-revision 1.26)

("D:\Program Tool\CTEX\MiKTeX\tex\generic\pgf\systemlayer\pgfsys-common-pdf.def
"
File: pgfsys-common-pdf.def 2008/05/19  (rcs-revision 1.10)
)))
("D:\Program Tool\CTEX\MiKTeX\tex\generic\pgf\systemlayer\pgfsyssoftpath.code.t
ex"
File: pgfsyssoftpath.code.tex 2008/07/18  (rcs-revision 1.7)
\pgfsyssoftpath@smallbuffer@items=\count96
\pgfsyssoftpath@bigbuffer@items=\count97
)
("D:\Program Tool\CTEX\MiKTeX\tex\generic\pgf\systemlayer\pgfsysprotocol.code.t
ex"
File: pgfsysprotocol.code.tex 2006/10/16  (rcs-revision 1.4)
)) ("D:\Program Tool\CTEX\MiKTeX\tex\generic\pgf\basiclayer\pgfcore.code.tex"
Package: pgfcore 2010/04/11 v2.10 (rcs-revision 1.7)
 ("D:\Program Tool\CTEX\MiKTeX\tex\generic\pgf\math\pgfmath.code.tex"
("D:\Program Tool\CTEX\MiKTeX\tex\generic\pgf\math\pgfmathcalc.code.tex"
("D:\Program Tool\CTEX\MiKTeX\tex\generic\pgf\math\pgfmathutil.code.tex")
("D:\Program Tool\CTEX\MiKTeX\tex\generic\pgf\math\pgfmathparser.code.tex"
\pgfmath@dimen=\dimen115
\pgfmath@count=\count98
\pgfmath@box=\box31
\pgfmath@toks=\toks20
\pgfmath@stack@operand=\toks21
\pgfmath@stack@operation=\toks22
)
("D:\Program Tool\CTEX\MiKTeX\tex\generic\pgf\math\pgfmathfunctions.code.tex"
("D:\Program Tool\CTEX\MiKTeX\tex\generic\pgf\math\pgfmathfunctions.basic.code.
tex")
("D:\Program Tool\CTEX\MiKTeX\tex\generic\pgf\math\pgfmathfunctions.trigonometr
ic.code.tex")
("D:\Program Tool\CTEX\MiKTeX\tex\generic\pgf\math\pgfmathfunctions.random.code
.tex")
("D:\Program Tool\CTEX\MiKTeX\tex\generic\pgf\math\pgfmathfunctions.comparison.
code.tex")
("D:\Program Tool\CTEX\MiKTeX\tex\generic\pgf\math\pgfmathfunctions.base.code.t
ex")
("D:\Program Tool\CTEX\MiKTeX\tex\generic\pgf\math\pgfmathfunctions.round.code.
tex")
("D:\Program Tool\CTEX\MiKTeX\tex\generic\pgf\math\pgfmathfunctions.misc.code.t
ex"))) ("D:\Program Tool\CTEX\MiKTeX\tex\generic\pgf\math\pgfmathfloat.code.tex
"
\c@pgfmathroundto@lastzeros=\count99
))
("D:\Program Tool\CTEX\MiKTeX\tex\generic\pgf\basiclayer\pgfcorepoints.code.tex
"
File: pgfcorepoints.code.tex 2010/04/09  (rcs-revision 1.20)
\pgf@picminx=\dimen116
\pgf@picmaxx=\dimen117
\pgf@picminy=\dimen118
\pgf@picmaxy=\dimen119
\pgf@pathminx=\dimen120
\pgf@pathmaxx=\dimen121
\pgf@pathminy=\dimen122
\pgf@pathmaxy=\dimen123
\pgf@xx=\dimen124
\pgf@xy=\dimen125
\pgf@yx=\dimen126
\pgf@yy=\dimen127
\pgf@zx=\dimen128
\pgf@zy=\dimen129
)
("D:\Program Tool\CTEX\MiKTeX\tex\generic\pgf\basiclayer\pgfcorepathconstruct.c
ode.tex"
File: pgfcorepathconstruct.code.tex 2010/08/03  (rcs-revision 1.24)
\pgf@path@lastx=\dimen130
\pgf@path@lasty=\dimen131
)
("D:\Program Tool\CTEX\MiKTeX\tex\generic\pgf\basiclayer\pgfcorepathusage.code.
tex"
File: pgfcorepathusage.code.tex 2008/04/22  (rcs-revision 1.12)
\pgf@shorten@end@additional=\dimen132
\pgf@shorten@start@additional=\dimen133
)
("D:\Program Tool\CTEX\MiKTeX\tex\generic\pgf\basiclayer\pgfcorescopes.code.tex
"
File: pgfcorescopes.code.tex 2010/09/08  (rcs-revision 1.34)
\pgfpic=\box32
\pgf@hbox=\box33
\pgf@layerbox@main=\box34
\pgf@picture@serial@count=\count100
)
("D:\Program Tool\CTEX\MiKTeX\tex\generic\pgf\basiclayer\pgfcoregraphicstate.co
de.tex"
File: pgfcoregraphicstate.code.tex 2008/04/22  (rcs-revision 1.9)
\pgflinewidth=\dimen134
)
("D:\Program Tool\CTEX\MiKTeX\tex\generic\pgf\basiclayer\pgfcoretransformations
.code.tex"
File: pgfcoretransformations.code.tex 2009/06/10  (rcs-revision 1.11)
\pgf@pt@x=\dimen135
\pgf@pt@y=\dimen136
\pgf@pt@temp=\dimen137
)
("D:\Program Tool\CTEX\MiKTeX\tex\generic\pgf\basiclayer\pgfcorequick.code.tex"
File: pgfcorequick.code.tex 2008/10/09  (rcs-revision 1.3)
)
("D:\Program Tool\CTEX\MiKTeX\tex\generic\pgf\basiclayer\pgfcoreobjects.code.te
x"
File: pgfcoreobjects.code.tex 2006/10/11  (rcs-revision 1.2)
)
("D:\Program Tool\CTEX\MiKTeX\tex\generic\pgf\basiclayer\pgfcorepathprocessing.
code.tex"
File: pgfcorepathprocessing.code.tex 2008/10/09  (rcs-revision 1.8)
)
("D:\Program Tool\CTEX\MiKTeX\tex\generic\pgf\basiclayer\pgfcorearrows.code.tex
"
File: pgfcorearrows.code.tex 2008/04/23  (rcs-revision 1.11)
)
("D:\Program Tool\CTEX\MiKTeX\tex\generic\pgf\basiclayer\pgfcoreshade.code.tex"
File: pgfcoreshade.code.tex 2008/11/23  (rcs-revision 1.13)
\pgf@max=\dimen138
\pgf@sys@shading@range@num=\count101
) ("D:\Program Tool\CTEX\MiKTeX\tex\generic\pgf\basiclayer\pgfcoreimage.code.te
x"
File: pgfcoreimage.code.tex 2010/03/25  (rcs-revision 1.16)

("D:\Program Tool\CTEX\MiKTeX\tex\generic\pgf\basiclayer\pgfcoreexternal.code.t
ex"
File: pgfcoreexternal.code.tex 2010/09/01  (rcs-revision 1.17)
\pgfexternal@startupbox=\box35
))
("D:\Program Tool\CTEX\MiKTeX\tex\generic\pgf\basiclayer\pgfcorelayers.code.tex
"
File: pgfcorelayers.code.tex 2010/08/27  (rcs-revision 1.2)
)
("D:\Program Tool\CTEX\MiKTeX\tex\generic\pgf\basiclayer\pgfcoretransparency.co
de.tex"
File: pgfcoretransparency.code.tex 2008/01/17  (rcs-revision 1.2)
)
("D:\Program Tool\CTEX\MiKTeX\tex\generic\pgf\basiclayer\pgfcorepatterns.code.t
ex"
File: pgfcorepatterns.code.tex 2009/07/02  (rcs-revision 1.3)
)))
("D:\Program Tool\CTEX\MiKTeX\tex\generic\pgf\modules\pgfmoduleshapes.code.tex"
File: pgfmoduleshapes.code.tex 2010/09/09  (rcs-revision 1.13)
\pgfnodeparttextbox=\box36
) ("D:\Program Tool\CTEX\MiKTeX\tex\generic\pgf\modules\pgfmoduleplot.code.tex"
File: pgfmoduleplot.code.tex 2010/10/22  (rcs-revision 1.8)
)
("D:\Program Tool\CTEX\MiKTeX\tex\latex\pgf\compatibility\pgfcomp-version-0-65.
sty"
Package: pgfcomp-version-0-65 2007/07/03 v2.10 (rcs-revision 1.7)
\pgf@nodesepstart=\dimen139
\pgf@nodesepend=\dimen140
)
("D:\Program Tool\CTEX\MiKTeX\tex\latex\pgf\compatibility\pgfcomp-version-1-18.
sty"
Package: pgfcomp-version-1-18 2007/07/23 v2.10 (rcs-revision 1.1)
)) ("D:\Program Tool\CTEX\MiKTeX\tex\latex\pgf\utilities\pgffor.sty"
("D:\Program Tool\CTEX\MiKTeX\tex\latex\pgf\utilities\pgfkeys.sty"
("D:\Program Tool\CTEX\MiKTeX\tex\generic\pgf\utilities\pgfkeys.code.tex"))
("D:\Program Tool\CTEX\MiKTeX\tex\generic\pgf\utilities\pgffor.code.tex"
Package: pgffor 2010/03/23 v2.10 (rcs-revision 1.18)
\pgffor@iter=\dimen141
\pgffor@skip=\dimen142
\pgffor@stack=\toks23
\pgffor@toks=\toks24
))
("D:\Program Tool\CTEX\MiKTeX\tex\generic\pgf\frontendlayer\tikz\tikz.code.tex"
Package: tikz 2010/10/13 v2.10 (rcs-revision 1.76)

("D:\Program Tool\CTEX\MiKTeX\tex\generic\pgf\libraries\pgflibraryplothandlers.
code.tex"
File: pgflibraryplothandlers.code.tex 2010/05/31 v2.10 (rcs-revision 1.15)
\pgf@plot@mark@count=\count102
\pgfplotmarksize=\dimen143
)
\tikz@lastx=\dimen144
\tikz@lasty=\dimen145
\tikz@lastxsaved=\dimen146
\tikz@lastysaved=\dimen147
\tikzleveldistance=\dimen148
\tikzsiblingdistance=\dimen149
\tikz@figbox=\box37
\tikz@tempbox=\box38
\tikztreelevel=\count103
\tikznumberofchildren=\count104
\tikznumberofcurrentchild=\count105
\tikz@fig@count=\count106

("D:\Program Tool\CTEX\MiKTeX\tex\generic\pgf\modules\pgfmodulematrix.code.tex"
File: pgfmodulematrix.code.tex 2010/08/24  (rcs-revision 1.4)
\pgfmatrixcurrentrow=\count107
\pgfmatrixcurrentcolumn=\count108
\pgf@matrix@numberofcolumns=\count109
)
\tikz@expandcount=\count110

("D:\Program Tool\CTEX\MiKTeX\tex\generic\pgf\frontendlayer\tikz\libraries\tikz
librarytopaths.code.tex"
File: tikzlibrarytopaths.code.tex 2008/06/17 v2.10 (rcs-revision 1.2)
)))
("D:\Program Tool\CTEX\MiKTeX\tex\latex\base\ifthen.sty"
Package: ifthen 2001/05/26 v1.1c Standard LaTeX ifthen package (DPC)
)
("D:\Program Tool\CTEX\MiKTeX\tex\latex\base\fontenc.sty"
Package: fontenc 2005/09/27 v1.99g Standard LaTeX package

("D:\Program Tool\CTEX\MiKTeX\tex\latex\base\t1enc.def"
File: t1enc.def 2005/09/27 v1.99g Standard LaTeX file
LaTeX Font Info:    Redeclaring font encoding T1 on input line 43.
))
("D:\Program Tool\CTEX\MiKTeX\tex\generic\pgf\frontendlayer\tikz\libraries\tikz
librarydecorations.code.tex"
("D:\Program Tool\CTEX\MiKTeX\tex\generic\pgf\modules\pgfmoduledecorations.code
.tex"
\pgfdecoratedcompleteddistance=\dimen150
\pgfdecoratedremainingdistance=\dimen151
\pgfdecoratedinputsegmentcompleteddistance=\dimen152
\pgfdecoratedinputsegmentremainingdistance=\dimen153
\pgf@decorate@distancetomove=\dimen154
\pgf@decorate@repeatstate=\count111
\pgfdecorationsegmentamplitude=\dimen155
\pgfdecorationsegmentlength=\dimen156
)
\tikz@lib@dec@box=\box39
)
("D:\Program Tool\CTEX\MiKTeX\tex\generic\pgf\frontendlayer\tikz\libraries\tikz
libraryfadings.code.tex"
File: tikzlibraryfadings.code.tex 2009/11/15 v2.10 (rcs-revision 1.2)

("D:\Program Tool\CTEX\MiKTeX\tex\generic\pgf\libraries\pgflibraryfadings.code.
tex"
File: pgflibraryfadings.code.tex 2008/02/07 v2.10 (rcs-revision 1.3)
))
("D:\Program Tool\CTEX\MiKTeX\tex\generic\pgf\frontendlayer\tikz\libraries\tikz
librarysnakes.code.tex"
File: tikzlibrarysnakes.code.tex 2008/02/05 v2.10 (rcs-revision 1.6)


Package tikz Warning: Snakes have been superseded by decorations. Please use th
e decoration libraries instead of the snakes library on input line 14.


("D:\Program Tool\CTEX\MiKTeX\tex\generic\pgf\frontendlayer\tikz\libraries\tikz
librarydecorations.pathmorphing.code.tex"
("D:\Program Tool\CTEX\MiKTeX\tex\generic\pgf\libraries\decorations\pgflibraryd
ecorations.pathmorphing.code.tex"))
("D:\Program Tool\CTEX\MiKTeX\tex\generic\pgf\frontendlayer\tikz\libraries\tikz
librarydecorations.pathreplacing.code.tex"
("D:\Program Tool\CTEX\MiKTeX\tex\generic\pgf\libraries\decorations\pgflibraryd
ecorations.pathreplacing.code.tex"))
("D:\Program Tool\CTEX\MiKTeX\tex\generic\pgf\frontendlayer\tikz\libraries\tikz
librarydecorations.shapes.code.tex"
("D:\Program Tool\CTEX\MiKTeX\tex\generic\pgf\libraries\decorations\pgflibraryd
ecorations.shapes.code.tex")))
("D:\Program Tool\CTEX\MiKTeX\tex\generic\pgf\frontendlayer\tikz\libraries\tikz
librarycalc.code.tex"
File: tikzlibrarycalc.code.tex 2009/09/04 v2.10 (rcs-revision 1.6)
)
\baposter@movebody=\skip66
\baposter@basemarginright=\skip67
\baposter@basemarginleft=\skip68

Paperwidth=2392.87677pt
Paperheight=3383.03267pt
BasePaperwidth=698.73782pt
BasePaperheight=987.87073pt
("D:\Program Tool\CTEX\MiKTeX\tex\latex\geometry\geometry.sty"
Package: geometry 2010/09/12 v5.6 Page Geometry

("D:\Program Tool\CTEX\MiKTeX\tex\generic\oberdiek\ifpdf.sty"
Package: ifpdf 2011/01/30 v2.3 Provides the ifpdf switch (HO)
Package ifpdf Info: pdfTeX in PDF mode is detected.
)
("D:\Program Tool\CTEX\MiKTeX\tex\generic\oberdiek\ifvtex.sty"
Package: ifvtex 2010/03/01 v1.5 Switches for detecting VTeX and its modes (HO)
Package ifvtex Info: VTeX not detected.
)
("D:\Program Tool\CTEX\MiKTeX\tex\generic\ifxetex\ifxetex.sty"
Package: ifxetex 2010/09/12 v0.6 Provides ifxetex conditional
)
\Gm@cnth=\count112
\Gm@cntv=\count113
\c@Gm@tempcnt=\count114
\Gm@bindingoffset=\dimen157
\Gm@wd@mp=\dimen158
\Gm@odd@mp=\dimen159
\Gm@even@mp=\dimen160
\Gm@layoutwidth=\dimen161
\Gm@layoutheight=\dimen162
\Gm@layouthoffset=\dimen163
\Gm@layoutvoffset=\dimen164
\Gm@dimlist=\toks25

("D:\Program Tool\CTEX\MiKTeX\tex\latex\geometry\geometry.cfg"))
("D:\Program Tool\CTEX\MiKTeX\tex\latex\pgf\utilities\pgfpages.sty"
Package: pgfpages 2004/11/05 ver 0.01
\pgf@logicalpages=\count115
\pgf@firstshipout=\count116
\pgf@lastshipout=\count117
\pgf@currentshipout=\count118
\pgf@cpn=\count119
\pgf@shipoutnextto=\count120
\pgfphysicalheight=\dimen165
\pgfphysicalwidth=\dimen166
\pgfpages@shipoutbox=\box40
)
\pgfpages@box@1=\box41
)
("D:\Program Tool\CTEX\MiKTeX\tex\latex\psnfss\times.sty"
Package: times 2005/04/12 PSNFSS-v9.2a (SPQR) 
)
("D:\Program Tool\CTEX\MiKTeX\tex\latex\ams\math\amsmath.sty"
Package: amsmath 2000/07/18 v2.13 AMS math features
\@mathmargin=\skip69

For additional information on amsmath, use the `?' option.
("D:\Program Tool\CTEX\MiKTeX\tex\latex\ams\math\amstext.sty"
Package: amstext 2000/06/29 v2.01

("D:\Program Tool\CTEX\MiKTeX\tex\latex\ams\math\amsgen.sty"
File: amsgen.sty 1999/11/30 v2.0
\@emptytoks=\toks26
\ex@=\dimen167
))
("D:\Program Tool\CTEX\MiKTeX\tex\latex\ams\math\amsbsy.sty"
Package: amsbsy 1999/11/29 v1.2d
\pmbraise@=\dimen168
)
("D:\Program Tool\CTEX\MiKTeX\tex\latex\ams\math\amsopn.sty"
Package: amsopn 1999/12/14 v2.01 operator names
)
\inf@bad=\count121
LaTeX Info: Redefining \frac on input line 211.
\uproot@=\count122
\leftroot@=\count123
LaTeX Info: Redefining \overline on input line 307.
\classnum@=\count124
\DOTSCASE@=\count125
LaTeX Info: Redefining \ldots on input line 379.
LaTeX Info: Redefining \dots on input line 382.
LaTeX Info: Redefining \cdots on input line 467.
\Mathstrutbox@=\box42
\strutbox@=\box43
\big@size=\dimen169
LaTeX Font Info:    Redeclaring font encoding OML on input line 567.
LaTeX Font Info:    Redeclaring font encoding OMS on input line 568.
\macc@depth=\count126
\c@MaxMatrixCols=\count127
\dotsspace@=\muskip10
\c@parentequation=\count128
\dspbrk@lvl=\count129
\tag@help=\toks27
\row@=\count130
\column@=\count131
\maxfields@=\count132
\andhelp@=\toks28
\eqnshift@=\dimen170
\alignsep@=\dimen171
\tagshift@=\dimen172
\tagwidth@=\dimen173
\totwidth@=\dimen174
\lineht@=\dimen175
\@envbody=\toks29
\multlinegap=\skip70
\multlinetaggap=\skip71
\mathdisplay@stack=\toks30
LaTeX Info: Redefining \[ on input line 2666.
LaTeX Info: Redefining \] on input line 2667.
)
("D:\Program Tool\CTEX\MiKTeX\tex\latex\amsfonts\amssymb.sty"
Package: amssymb 2009/06/22 v3.00

("D:\Program Tool\CTEX\MiKTeX\tex\latex\amsfonts\amsfonts.sty"
Package: amsfonts 2009/06/22 v3.00 Basic AMSFonts support
\symAMSa=\mathgroup4
\symAMSb=\mathgroup5
LaTeX Font Info:    Overwriting math alphabet `\mathfrak' in version `bold'
(Font)                  U/euf/m/n --> U/euf/b/n on input line 96.
))
("D:\Program Tool\CTEX\MiKTeX\tex\latex\ltxmisc\relsize.sty"
Package: relsize 2003/07/04 ver 3.1
)
("D:\Program Tool\CTEX\MiKTeX\tex\latex\multirow\multirow.sty"
\bigstrutjot=\dimen176
)
("D:\Program Tool\CTEX\MiKTeX\tex\latex\tools\bm.sty"
Package: bm 2004/02/26 v1.1c Bold Symbol Support (DPC/FMi)
\symboldoperators=\mathgroup6
\symboldletters=\mathgroup7
\symboldsymbols=\mathgroup8
LaTeX Font Info:    Redeclaring math alphabet \mathbf on input line 138.
LaTeX Info: Redefining \bm on input line 204.
)
("D:\Program Tool\CTEX\MiKTeX\tex\latex\algorithms\algorithm.sty"
Package: algorithm 2009/08/24 v0.1 Document Style `algorithm' - floating enviro
nment

("D:\Program Tool\CTEX\MiKTeX\tex\latex\float\float.sty"
Package: float 2001/11/08 v1.3d Float enhancements (AL)
\c@float@type=\count133
\float@exts=\toks31
\float@box=\box44
\@float@everytoks=\toks32
\@floatcapt=\box45
)
\@float@every@algorithm=\toks33
\c@algorithm=\count134
)
("D:\Program Tool\CTEX\MiKTeX\tex\latex\algorithms\algorithmic.sty"
Package: algorithmic 2009/08/24 v0.1 Document Style `algorithmic'
\c@ALC@unique=\count135
\c@ALC@line=\count136
\c@ALC@rem=\count137
\c@ALC@depth=\count138
\ALC@tlm=\skip72
\algorithmicindent=\skip73
)
("D:\Program Tool\CTEX\MiKTeX\tex\latex\subfigure\subfigure.sty"
Package: subfigure 2002/07/30 v2.1.4 subfigure package
\subfigtopskip=\skip74
\subfigcapskip=\skip75
\subfigcaptopadj=\dimen177
\subfigbottomskip=\skip76
\subfigcapmargin=\dimen178
\subfiglabelskip=\skip77
\c@subfigure=\count139
\c@lofdepth=\count140
\c@subtable=\count141
\c@lotdepth=\count142

****************************************
* Local config file subfigure.cfg used *
****************************************
("D:\Program Tool\CTEX\MiKTeX\tex\latex\subfigure\subfigure.cfg")
\subfig@top=\skip78
\subfig@bottom=\skip79
)
("D:\Program Tool\CTEX\MiKTeX\tex\latex\slashbox\slashbox.sty"
slashbox style by K.Yasuoka, May 1993.
\@slashboxa=\box46
\@slashboxb=\box47
\@slashboxc=\box48
\@slashboxwd=\count143
\@slashboxht=\count144
\@slashsepl=\dimen179
\@slashsepr=\dimen180
) ("D:\Program Tool\CTEX\MiKTeX\tex\latex\tools\multicol.sty"
Package: multicol 2011/06/27 v1.7a multicolumn formatting (FMi)
\c@tracingmulticols=\count145
\mult@box=\box49
\multicol@leftmargin=\dimen181
\c@unbalance=\count146
\c@collectmore=\count147
\doublecol@number=\count148
\multicoltolerance=\count149
\multicolpretolerance=\count150
\full@width=\dimen182
\page@free=\dimen183
\premulticols=\dimen184
\postmulticols=\dimen185
\multicolsep=\skip80
\multicolbaselineskip=\skip81
\partial@page=\box50
\last@line=\box51
\mult@rightbox=\box52
\mult@grightbox=\box53
\mult@gfirstbox=\box54
\mult@firstbox=\box55
\@tempa=\box56
\@tempa=\box57
\@tempa=\box58
\@tempa=\box59
\@tempa=\box60
\@tempa=\box61
\@tempa=\box62
\@tempa=\box63
\@tempa=\box64
\@tempa=\box65
\@tempa=\box66
\@tempa=\box67
\@tempa=\box68
\@tempa=\box69
\@tempa=\box70
\@tempa=\box71
\@tempa=\box72
\c@columnbadness=\count151
\c@finalcolumnbadness=\count152
\last@try=\dimen186
\multicolovershoot=\dimen187
\multicolundershoot=\dimen188
\mult@nat@firstbox=\box73
\colbreak@box=\box74
\multicol@sort@counter=\count153
)
("D:\Program Tool\CTEX\MiKTeX\tex\latex\pgf\basiclayer\pgfbaselayers.sty"

Package pgf Warning: This package is obsolete and no longer needed on input lin
e 13.

)
\pgf@layerbox@background=\box75
\pgf@layerboxsaved@background=\box76
\pgf@layerbox@foreground=\box77
\pgf@layerboxsaved@foreground=\box78
 ("D:\Program Tool\CTEX\MiKTeX\tex\latex\psnfss\helvet.sty"
Package: helvet 2005/04/12 PSNFSS-v9.2a (WaS) 
)
("D:\Program Tool\CTEX\MiKTeX\tex\latex\psnfss\palatino.sty"
Package: palatino 2005/04/12 PSNFSS-v9.2a (SPQR) 
)
("D:\Program Tool\CTEX\MiKTeX\tex\latex\enumitem\enumitem.sty"
Package: enumitem 2011/09/28 v3.5.2 Customized lists
\enitkv@toks@=\toks34
\labelindent=\skip82
\enit@outerparindent=\dimen189
\enit@toks=\toks35
\enit@inbox=\box79
\enitdp@description=\count154
)

LaTeX Warning: Unused global option(s):
    [final].


(F:\Projects\Research\Estimate_Indoor_Layout_and_Its_Clutter_From_Depth_Sensors
\nyu_layout\paper\Poster\poster_landscape.aux)
LaTeX Font Info:    Checking defaults for OML/cmm/m/it on input line 75.
LaTeX Font Info:    ... okay on input line 75.
LaTeX Font Info:    Checking defaults for T1/cmr/m/n on input line 75.
LaTeX Font Info:    ... okay on input line 75.
LaTeX Font Info:    Checking defaults for OT1/cmr/m/n on input line 75.
LaTeX Font Info:    ... okay on input line 75.
LaTeX Font Info:    Checking defaults for OMS/cmsy/m/n on input line 75.
LaTeX Font Info:    ... okay on input line 75.
LaTeX Font Info:    Checking defaults for OMX/cmex/m/n on input line 75.
LaTeX Font Info:    ... okay on input line 75.
LaTeX Font Info:    Checking defaults for U/cmr/m/n on input line 75.
LaTeX Font Info:    ... okay on input line 75.
LaTeX Font Info:    Try loading font information for T1+ppl on input line 75.

("D:\Program Tool\CTEX\MiKTeX\tex\latex\psnfss\t1ppl.fd"
File: t1ppl.fd 2001/06/04 font definitions for T1/ppl.
)
("D:\Program Tool\CTEX\MiKTeX\tex\context\base\supp-pdf.mkii"
[Loading MPS to PDF converter (version 2006.09.02).]
\scratchcounter=\count155
\scratchdimen=\dimen190
\scratchbox=\box80
\nofMPsegments=\count156
\nofMParguments=\count157
\everyMPshowfont=\toks36
\MPscratchCnt=\count158
\MPscratchDim=\dimen191
\MPnumerator=\count159
\makeMPintoPDFobject=\count160
\everyMPtoPDFconversion=\toks37
) ABD: EveryShipout initializing macros
*geometry* driver: auto-detecting
*geometry* detected driver: pdftex
*geometry* verbose mode - [ preamble ] result:
* driver: pdftex
* paper: custom
* layout: <same size as paper>
* layoutoffset:(h,v)=(0.0pt,0.0pt)
* modes: landscape 
* h-part:(L,W,R)=(12.46262pt, 962.9455pt, 12.46262pt)
* v-part:(T,H,B)=(12.46262pt, 673.81259pt, 12.46262pt)
* \paperwidth=987.87073pt
* \paperheight=698.73782pt
* \textwidth=962.9455pt
* \textheight=673.81259pt
* \oddsidemargin=-59.80737pt
* \evensidemargin=-59.80737pt
* \topmargin=-96.80737pt
* \headheight=12.0pt
* \headsep=25.0pt
* \topskip=10.0pt
* \footskip=30.0pt
* \marginparwidth=65.0pt
* \marginparsep=11.0pt
* \columnsep=6.99826pt
* \skip\footins=9.0pt plus 4.0pt minus 2.0pt
* \hoffset=0.0pt
* \voffset=0.0pt
* \mag=1000
* \@twocolumnfalse
* \@twosidefalse
* \@mparswitchfalse
* \@reversemarginfalse
* (1in=72.27pt=25.4mm, 1cm=28.453pt)

Poster Starts
<fig/ethzlogo_short.pdf, id=20, 141.22762pt x 22.94572pt>
File: fig/ethzlogo_short.pdf Graphic file (type pdf)

<use fig/ethzlogo_short.pdf>
Package pdftex.def Info: fig/ethzlogo_short.pdf used on input line 156.
(pdftex.def)             Requested size: 85.35826pt x 13.86836pt.
 <fig/usclogo2.pdf, id=21, 361.35pt x 126.4725pt>
File: fig/usclogo2.pdf Graphic file (type pdf)

<use fig/usclogo2.pdf>
Package pdftex.def Info: fig/usclogo2.pdf used on input line 156.
(pdftex.def)             Requested size: 95.3169pt x 33.36066pt.

Overfull \hbox (42.67914pt too wide) in paragraph at lines 156--156
[][] 
 []


Overfull \hbox (52.63777pt too wide) in paragraph at lines 156--156
[] 
 []

LaTeX Font Info:    Try loading font information for U+msa on input line 156.
("D:\Program Tool\CTEX\MiKTeX\tex\latex\amsfonts\umsa.fd"
File: umsa.fd 2009/06/22 v3.00 AMS symbols A
)
LaTeX Font Info:    Try loading font information for U+msb on input line 156.

("D:\Program Tool\CTEX\MiKTeX\tex\latex\amsfonts\umsb.fd"
File: umsb.fd 2009/06/22 v3.00 AMS symbols B
)
<fig/tticlogo.pdf, id=22, 234.8775pt x 234.8775pt>
File: fig/tticlogo.pdf Graphic file (type pdf)
 <use fig/tticlogo.pdf>
Package pdftex.def Info: fig/tticlogo.pdf used on input line 156.
(pdftex.def)             Requested size: 42.67912pt x 42.67752pt.
LaTeX Font Info:    Font shape `T1/ppl/bx/n' in size <10> not available
(Font)              Font shape `T1/ppl/b/n' tried instead on input line 156.
LaTeX Font Info:    Font shape `T1/ppl/bx/n' in size <24.88> not available
(Font)              Font shape `T1/ppl/b/n' tried instead on input line 156.
LaTeX Font Info:    Try loading font information for T1+phv on input line 156.

("D:\Program Tool\CTEX\MiKTeX\tex\latex\psnfss\t1phv.fd"
File: t1phv.fd 2001/06/04 scalable font definitions for T1/phv.
)
\leftimgwidth=\skip83
LaTeX Font Info:    Try loading font information for OMS+ppl on input line 215.


("D:\Program Tool\CTEX\MiKTeX\tex\latex\psnfss\omsppl.fd"
File: omsppl.fd 
)
LaTeX Font Info:    Font shape `OMS/ppl/m/n' in size <10> not available
(Font)              Font shape `OMS/cmsy/m/n' tried instead on input line 215.

<fig/../fig/Additional/overview_figure1.pdf, id=23, 839.53653pt x 256.07669pt>
File: fig/../fig/Additional/overview_figure1.pdf Graphic file (type pdf)

<use fig/../fig/Additional/overview_figure1.pdf>
Package pdftex.def Info: fig/../fig/Additional/overview_figure1.pdf used on inp
ut line 215.
(pdftex.def)             Requested size: 301.59938pt x 91.99216pt.
LaTeX Font Info:    Font shape `T1/ppl/bx/n' in size <8> not available
(Font)              Font shape `T1/ppl/b/n' tried instead on input line 215.
Missing character: There is no ; in font nullfont!
Missing character: There is no ; in font nullfont!
Missing character: There is no ; in font nullfont!

<../Drawings/Parameterization.pdf, id=24, 403.5075pt x 314.17375pt>
File: ../Drawings/Parameterization.pdf Graphic file (type pdf)

<use ../Drawings/Parameterization.pdf>
Package pdftex.def Info: ../Drawings/Parameterization.pdf used on input line 35
4.
(pdftex.def)             Requested size: 76.07759pt x 59.23341pt.

<../Drawings/IntegralGeometryNew3.pdf, id=25, 403.5075pt x 314.17375pt>
File: ../Drawings/IntegralGeometryNew3.pdf Graphic file (type pdf)

<use ../Drawings/IntegralGeometryNew3.pdf>
Package pdftex.def Info: ../Drawings/IntegralGeometryNew3.pdf used on input lin
e 354.
(pdftex.def)             Requested size: 76.07759pt x 59.23341pt.

<../fig/SuperpixelVisuals/spixel_216.pdf, id=26, 572.1375pt x 401.5pt>
File: ../fig/SuperpixelVisuals/spixel_216.pdf Graphic file (type pdf)

<use ../fig/SuperpixelVisuals/spixel_216.pdf>
Package pdftex.def Info: ../fig/SuperpixelVisuals/spixel_216.pdf used on input 
line 354.
(pdftex.def)             Requested size: 76.82234pt x 53.90608pt.
Missing character: There is no ; in font nullfont!
Missing character: There is no ; in font nullfont!
Missing character: There is no ; in font nullfont!

<../Drawings/ParameterizationCompatibility.pdf, id=27, 403.5075pt x 314.17375pt
>
File: ../Drawings/ParameterizationCompatibility.pdf Graphic file (type pdf)
 <use ../Drawings/ParameterizationCompatibility.pdf>
Package pdftex.def Info: ../Drawings/ParameterizationCompatibility.pdf used on 
input line 444.
(pdftex.def)             Requested size: 112.38742pt x 87.50304pt.

Overfull \hbox (9.66634pt too wide) in paragraph at lines 444--444
[]$[]$   $[]$
 []

Missing character: There is no ; in font nullfont!
Missing character: There is no ; in font nullfont!
Missing character: There is no ; in font nullfont!
Missing character: There is no ; in font nullfont!
Missing character: There is no ; in font nullfont!
Missing character: There is no ; in font nullfont!

Underfull \hbox (badness 4024) in paragraph at lines 542--542
[]\T1/ppl/m/n/10 Accumulate for bin-s with as-
 []


<../Drawings/ParameterizationFastCompNew2.pdf, id=28, 239.89626pt x 210.7875pt>
File: ../Drawings/ParameterizationFastCompNew2.pdf Graphic file (type pdf)
<use ../Drawings/ParameterizationFastCompNew2.pdf>
Package pdftex.def Info: ../Drawings/ParameterizationFastCompNew2.pdf used on i
nput line 542.
(pdftex.def)             Requested size: 105.2751pt x 92.50233pt.
Missing character: There is no ; in font nullfont!
Missing character: There is no ; in font nullfont!
Missing character: There is no ; in font nullfont!


pdfTeX warning: pdflatex.exe (file F:/Projects/Research/Estimate_Indoor_Layout_
and_Its_Clutter_From_Depth_Sensors/nyu_layout/paper/Poster/fig/Additional/quali
tative_results10.pdf): PDF inclusion: found PDF version <1.6>, but at most vers
ion <1.5> allowed
<fig/Additional/qualitative_results10.pdf, id=29, 9178.29pt x 5420.25pt>
File: fig/Additional/qualitative_results10.pdf Graphic file (type pdf)

<use fig/Additional/qualitative_results10.pdf>
Package pdftex.def Info: fig/Additional/qualitative_results10.pdf used on input
 line 679.
(pdftex.def)             Requested size: 304.31036pt x 179.63797pt.
Missing character: There is no ; in font nullfont!
Missing character: There is no ; in font nullfont!
Missing character: There is no ; in font nullfont!
 [2

{D:/Program Tool/CTEX/UserData/pdftex/config/pdftex.map{Unicode.sfd}{UGBK.sfd}}
 <F:/Projects/Research/Estimate_Indoor_Layout_and_Its_Clutter_From_Depth_Sensor
s/nyu_layout/paper/Poster/fig/ethzlogo_short.pdf> <F:/Projects/Research/Estimat
e_Indoor_Layout_and_Its_Clutter_From_Depth_Sensors/nyu_layout/paper/Poster/fig/
usclogo2.pdf> <F:/Projects/Research/Estimate_Indoor_Layout_and_Its_Clutter_From
_Depth_Sensors/nyu_layout/paper/Poster/fig/tticlogo.pdf> <F:/Projects/Research/
Estimate_Indoor_Layout_and_Its_Clutter_From_Depth_Sensors/nyu_layout/paper/Post
er/fig/../fig/Additional/overview_figure1.pdf> <F:/Projects/Research/Estimate_I
ndoor_Layout_and_Its_Clutter_From_Depth_Sensors/nyu_layout/paper/Drawings/Param
eterization.pdf> <F:/Projects/Research/Estimate_Indoor_Layout_and_Its_Clutter_F
rom_Depth_Sensors/nyu_layout/paper/Drawings/IntegralGeometryNew3.pdf> <F:/Proje
cts/Research/Estimate_Indoor_Layout_and_Its_Clutter_From_Depth_Sensors/nyu_layo
ut/paper/fig/SuperpixelVisuals/spixel_216.pdf> <F:/Projects/Research/Estimate_I
ndoor_Layout_and_Its_Clutter_From_Depth_Sensors/nyu_layout/paper/Drawings/Param
eterizationCompatibility.pdf> <F:/Projects/Research/Estimate_Indoor_Layout_and_
Its_Clutter_From_Depth_Sensors/nyu_layout/paper/Drawings/ParameterizationFastCo
mpNew2.pdf> <F:/Projects/Research/Estimate_Indoor_Layout_and_Its_Clutter_From_D
epth_Sensors/nyu_layout/paper/Poster/fig/Additional/qualitative_results10.pdf>]

(F:\Projects\Research\Estimate_Indoor_Layout_and_Its_Clutter_From_Depth_Sensors
\nyu_layout\paper\Poster\poster_landscape.aux) ) 
Here is how much of TeX's memory you used:
 14248 strings out of 495354
 272137 string characters out of 3183131
 373601 words of memory out of 3000000
 17036 multiletter control sequences out of 15000+200000
 45428 words of font info for 95 fonts, out of 3000000 for 9000
 14 hyphenation exceptions out of 8191
 63i,15n,70p,531b,1074s stack positions out of 5000i,500n,10000p,200000b,50000s
{D:/Program Tool/CTEX/MiKTeX/fo
nts/enc/dvips/fontname/8r.enc}<D:/Program Tool/CTEX/MiKTeX/fonts/type1/public/a
msfonts/cm/cmbx10.pfb><D:/Program Tool/CTEX/MiKTeX/fonts/type1/public/amsfonts/
cm/cmbx7.pfb><D:/Program Tool/CTEX/MiKTeX/fonts/type1/public/amsfonts/cm/cmex10
.pfb><D:/Program Tool/CTEX/MiKTeX/fonts/type1/public/amsfonts/cm/cmmi10.pfb><D:
/Program Tool/CTEX/MiKTeX/fonts/type1/public/amsfonts/cm/cmmi7.pfb><D:/Program 
Tool/CTEX/MiKTeX/fonts/type1/public/amsfonts/cm/cmmi9.pfb><D:/Program Tool/CTEX
/MiKTeX/fonts/type1/public/amsfonts/cm/cmmib10.pfb><D:/Program Tool/CTEX/MiKTeX
/fonts/type1/public/amsfonts/cmextra/cmmib7.pfb><D:/Program Tool/CTEX/MiKTeX/fo
nts/type1/public/amsfonts/cm/cmr10.pfb><D:/Program Tool/CTEX/MiKTeX/fonts/type1
/public/amsfonts/cm/cmr6.pfb><D:/Program Tool/CTEX/MiKTeX/fonts/type1/public/am
sfonts/cm/cmr7.pfb><D:/Program Tool/CTEX/MiKTeX/fonts/type1/public/amsfonts/cm/
cmr9.pfb><D:/Program Tool/CTEX/MiKTeX/fonts/type1/public/amsfonts/cm/cmsy10.pfb
><D:/Program Tool/CTEX/MiKTeX/fonts/type1/public/amsfonts/cm/cmsy7.pfb><D:/Prog
ram Tool/CTEX/MiKTeX/fonts/type1/urw/helvetic/uhvr8a.pfb><D:/Program Tool/CTEX/
MiKTeX/fonts/type1/urw/palatino/uplb8a.pfb><D:/Program Tool/CTEX/MiKTeX/fonts/t
ype1/urw/palatino/uplr8a.pfb><D:/Program Tool/CTEX/MiKTeX/fonts/type1/urw/palat
ino/uplri8a.pfb>
Output written on poster_landscape.pdf (1 page, 2101827 bytes).
PDF statistics:
 152 PDF objects out of 1000 (max. 8388607)
 0 named destinations out of 1000 (max. 500000)
 159 words of extra memory for PDF output out of 10000 (max. 10000000)

